<?xml version="1.0" encoding="UTF-8"?>
<!-- Generated by org.testng.reporters.JUnitXMLReporter -->
<testsuite ignored="1" hostname="DESKTOP-UUJQ8RB" failures="0" tests="1" name="Default test" time="36.615" errors="0" timestamp="2026-03-01T22:18:08 IST">
  <testcase classname="com.bstackdemo.tests.CheckoutTest" name="TC_008_CheckOutWithoutAddingItem" time="30.398"/>
  <testcase classname="com.bstackdemo.tests.CheckoutTest" name="TC_007_placeOrderWithValidDetails" time="0.0">
    <ignored/>
  </testcase> <!-- TC_007_placeOrderWithValidDetails -->
</testsuite> <!-- Default test -->
