<?xml version="1.0" encoding="UTF-8"?>
<!-- Generated by org.testng.reporters.JUnitXMLReporter -->
<testsuite ignored="0" hostname="DESKTOP-UUJQ8RB" failures="0" tests="8" name="Test" time="63.04" errors="0" timestamp="2026-03-01T11:45:52 IST">
  <testcase classname="com.bstackdemo.tests.LoginTest" name="TC_001_loginWithValidData" time="2.158"/>
  <testcase classname="com.bstackdemo.tests.LoginTest" name="TC_002_loginWithInValidData" time="1.725"/>
  <testcase classname="com.bstackdemo.tests.LoginTest" name="TC_003_loginWithEmptyData" time="1.125"/>
  <testcase classname="com.bstackdemo.tests.AddToCartTest" name="TC_004_addSingleItemToCart" time="0.55"/>
  <testcase classname="com.bstackdemo.tests.AddToCartTest" name="TC_005_addMultipleItemToCart" time="2.305"/>
  <testcase classname="com.bstackdemo.tests.AddToCartTest" name="TC_006_removeItemFromCart" time="3.702"/>
  <testcase classname="com.bstackdemo.tests.CheckoutTest" name="TC_007_placeOrderWithValidDetails" time="4.305"/>
  <testcase classname="com.bstackdemo.tests.CheckoutTest" name="TC_008_CheckOutWithoutAddingItem" time="10.521"/>
</testsuite> <!-- Test -->
