<?xml version="1.0" encoding="UTF-8"?>
<!-- Generated by org.testng.reporters.JUnitXMLReporter -->
<testsuite ignored="0" hostname="DESKTOP-UUJQ8RB" failures="0" tests="7" name="Test" time="97.952" errors="0" timestamp="2026-02-26T22:34:54 IST">
  <testcase classname="com.bstackdemo.tests.LoginTest" name="TC_001_loginWithValidData" time="2.836"/>
  <testcase classname="com.bstackdemo.tests.LoginTest" name="TC_002_loginWithInValidData" time="2.204"/>
  <testcase classname="com.bstackdemo.tests.LoginTest" name="TC_003_loginWithEmptyData" time="1.787"/>
  <testcase classname="com.bstackdemo.tests.AddToCartTest" name="TC_004_addSingleItemToCart" time="0.448"/>
  <testcase classname="com.bstackdemo.tests.AddToCartTest" name="TC_005_addMultipleItemToCart" time="2.161"/>
  <testcase classname="com.bstackdemo.tests.AddToCartTest" name="TC_006_removeItemFromCart" time="3.342"/>
  <testcase classname="com.bstackdemo.tests.CheckoutTest" name="f" time="0.003"/>
</testsuite> <!-- Test -->
