<?xml version="1.0" encoding="UTF-8"?>
<!-- Generated by org.testng.reporters.JUnitXMLReporter -->
<testsuite ignored="0" hostname="DESKTOP-UUJQ8RB" failures="0" tests="8" name="Test" time="114.127" errors="0" timestamp="2026-03-01T23:03:59 IST">
  <testcase classname="com.bstackdemo.tests.LoginTest" name="TC_001_loginWithValidData" time="1.459"/>
  <testcase classname="com.bstackdemo.tests.LoginTest" name="TC_002_loginWithInValidData" time="1.501"/>
  <testcase classname="com.bstackdemo.tests.LoginTest" name="TC_003_loginWithEmptyData" time="1.33"/>
  <testcase classname="com.bstackdemo.tests.AddToCartTest" name="TC_004_addSingleItemToCart" time="0.415"/>
  <testcase classname="com.bstackdemo.tests.AddToCartTest" name="TC_005_addMultipleItemToCart" time="1.435"/>
  <testcase classname="com.bstackdemo.tests.AddToCartTest" name="TC_006_removeItemFromCart" time="2.135"/>
  <testcase classname="com.bstackdemo.tests.CheckoutTest" name="TC_007_placeOrderWithValidDetails" time="6.009"/>
  <testcase classname="com.bstackdemo.tests.CheckoutTest" name="TC_008_CheckOutWithoutAddingItem" time="30.417"/>
</testsuite> <!-- Test -->
