<?xml version="1.0" encoding="UTF-8"?>
<testng-results ignored="0" total="7" passed="7" failed="0" skipped="0">
  <reporter-output>
  </reporter-output>
  <suite started-at="2026-02-25T23:27:58 IST" name="Surefire suite" finished-at="2026-02-25T23:31:00 IST" duration-ms="181063">
    <groups>
    </groups>
    <test started-at="2026-02-25T23:27:58 IST" name="Surefire test" finished-at="2026-02-25T23:31:00 IST" duration-ms="181063">
      <class name="com.bstackdemo.tests.LoginTest">
        <test-method is-config="true" signature="initDriver()[pri:0, instance:com.bstackdemo.tests.LoginTest@20d28811]" started-at="2026-02-25T23:29:29 IST" name="initDriver" finished-at="2026-02-25T23:30:06 IST" duration-ms="37244" status="PASS">
          <reporter-output>
          </reporter-output>
        </test-method> <!-- initDriver -->
        <test-method signature="TC_001_loginWithValidData()[pri:1, instance:com.bstackdemo.tests.LoginTest@20d28811]" started-at="2026-02-25T23:30:06 IST" name="TC_001_loginWithValidData" finished-at="2026-02-25T23:30:10 IST" duration-ms="3851" status="PASS">
          <reporter-output>
          </reporter-output>
        </test-method> <!-- TC_001_loginWithValidData -->
        <test-method is-config="true" signature="closeBrowser()[pri:0, instance:com.bstackdemo.tests.LoginTest@20d28811]" started-at="2026-02-25T23:30:10 IST" name="closeBrowser" finished-at="2026-02-25T23:30:10 IST" duration-ms="230" status="PASS">
          <reporter-output>
          </reporter-output>
        </test-method> <!-- closeBrowser -->
        <test-method is-config="true" signature="initDriver()[pri:0, instance:com.bstackdemo.tests.LoginTest@20d28811]" started-at="2026-02-25T23:30:10 IST" name="initDriver" finished-at="2026-02-25T23:30:28 IST" duration-ms="17172" status="PASS">
          <reporter-output>
          </reporter-output>
        </test-method> <!-- initDriver -->
        <test-method signature="TC_002_loginWithInValidData()[pri:2, instance:com.bstackdemo.tests.LoginTest@20d28811]" started-at="2026-02-25T23:30:28 IST" name="TC_002_loginWithInValidData" finished-at="2026-02-25T23:30:30 IST" duration-ms="2279" status="PASS">
          <reporter-output>
          </reporter-output>
        </test-method> <!-- TC_002_loginWithInValidData -->
        <test-method is-config="true" signature="closeBrowser()[pri:0, instance:com.bstackdemo.tests.LoginTest@20d28811]" started-at="2026-02-25T23:30:30 IST" name="closeBrowser" finished-at="2026-02-25T23:30:30 IST" duration-ms="251" status="PASS">
          <reporter-output>
          </reporter-output>
        </test-method> <!-- closeBrowser -->
        <test-method is-config="true" signature="initDriver()[pri:0, instance:com.bstackdemo.tests.LoginTest@20d28811]" started-at="2026-02-25T23:30:30 IST" name="initDriver" finished-at="2026-02-25T23:30:56 IST" duration-ms="25345" status="PASS">
          <reporter-output>
          </reporter-output>
        </test-method> <!-- initDriver -->
        <test-method signature="TC_003_loginWithEmptyData()[pri:3, instance:com.bstackdemo.tests.LoginTest@20d28811]" started-at="2026-02-25T23:30:56 IST" name="TC_003_loginWithEmptyData" finished-at="2026-02-25T23:30:59 IST" duration-ms="3753" status="PASS">
          <reporter-output>
          </reporter-output>
        </test-method> <!-- TC_003_loginWithEmptyData -->
        <test-method is-config="true" signature="closeBrowser()[pri:0, instance:com.bstackdemo.tests.LoginTest@20d28811]" started-at="2026-02-25T23:30:59 IST" name="closeBrowser" finished-at="2026-02-25T23:31:00 IST" duration-ms="225" status="PASS">
          <reporter-output>
          </reporter-output>
        </test-method> <!-- closeBrowser -->
      </class> <!-- com.bstackdemo.tests.LoginTest -->
      <class name="com.bstackdemo.tests.CheckoutTest">
        <test-method signature="f()[pri:0, instance:com.bstackdemo.tests.CheckoutTest@3cc2931c]" started-at="2026-02-25T23:29:29 IST" name="f" finished-at="2026-02-25T23:29:29 IST" duration-ms="0" status="PASS">
          <reporter-output>
          </reporter-output>
        </test-method> <!-- f -->
      </class> <!-- com.bstackdemo.tests.CheckoutTest -->
      <class name="com.bstackdemo.tests.AddToCartTest">
        <test-method is-config="true" signature="initDriver()[pri:0, instance:com.bstackdemo.tests.AddToCartTest@61dd025]" started-at="2026-02-25T23:27:58 IST" name="initDriver" finished-at="2026-02-25T23:28:41 IST" duration-ms="42388" status="PASS">
          <reporter-output>
          </reporter-output>
        </test-method> <!-- initDriver -->
        <test-method signature="TC_004_addSingleItemToCart()[pri:4, instance:com.bstackdemo.tests.AddToCartTest@61dd025]" started-at="2026-02-25T23:28:41 IST" name="TC_004_addSingleItemToCart" finished-at="2026-02-25T23:28:41 IST" duration-ms="619" status="PASS">
          <reporter-output>
          </reporter-output>
        </test-method> <!-- TC_004_addSingleItemToCart -->
        <test-method is-config="true" signature="closeBrowser()[pri:0, instance:com.bstackdemo.tests.AddToCartTest@61dd025]" started-at="2026-02-25T23:28:41 IST" name="closeBrowser" finished-at="2026-02-25T23:28:42 IST" duration-ms="480" status="PASS">
          <reporter-output>
          </reporter-output>
        </test-method> <!-- closeBrowser -->
        <test-method is-config="true" signature="initDriver()[pri:0, instance:com.bstackdemo.tests.AddToCartTest@61dd025]" started-at="2026-02-25T23:28:42 IST" name="initDriver" finished-at="2026-02-25T23:29:05 IST" duration-ms="23182" status="PASS">
          <reporter-output>
          </reporter-output>
        </test-method> <!-- initDriver -->
        <test-method signature="TC_005_addMultipleItemToCart()[pri:5, instance:com.bstackdemo.tests.AddToCartTest@61dd025]" started-at="2026-02-25T23:29:05 IST" name="TC_005_addMultipleItemToCart" finished-at="2026-02-25T23:29:07 IST" duration-ms="2273" status="PASS">
          <reporter-output>
          </reporter-output>
        </test-method> <!-- TC_005_addMultipleItemToCart -->
        <test-method is-config="true" signature="closeBrowser()[pri:0, instance:com.bstackdemo.tests.AddToCartTest@61dd025]" started-at="2026-02-25T23:29:07 IST" name="closeBrowser" finished-at="2026-02-25T23:29:08 IST" duration-ms="197" status="PASS">
          <reporter-output>
          </reporter-output>
        </test-method> <!-- closeBrowser -->
        <test-method is-config="true" signature="initDriver()[pri:0, instance:com.bstackdemo.tests.AddToCartTest@61dd025]" started-at="2026-02-25T23:29:08 IST" name="initDriver" finished-at="2026-02-25T23:29:26 IST" duration-ms="18292" status="PASS">
          <reporter-output>
          </reporter-output>
        </test-method> <!-- initDriver -->
        <test-method signature="TC_006_removeItemFromCart()[pri:5, instance:com.bstackdemo.tests.AddToCartTest@61dd025]" started-at="2026-02-25T23:29:26 IST" name="TC_006_removeItemFromCart" finished-at="2026-02-25T23:29:29 IST" duration-ms="2961" status="PASS">
          <reporter-output>
          </reporter-output>
        </test-method> <!-- TC_006_removeItemFromCart -->
        <test-method is-config="true" signature="closeBrowser()[pri:0, instance:com.bstackdemo.tests.AddToCartTest@61dd025]" started-at="2026-02-25T23:29:29 IST" name="closeBrowser" finished-at="2026-02-25T23:29:29 IST" duration-ms="254" status="PASS">
          <reporter-output>
          </reporter-output>
        </test-method> <!-- closeBrowser -->
      </class> <!-- com.bstackdemo.tests.AddToCartTest -->
    </test> <!-- Surefire test -->
  </suite> <!-- Surefire suite -->
</testng-results>
