<?xml version="1.0" encoding="UTF-8"?>
<testsuite xmlns:xsi="http://www.w3.org/2001/XMLSchema-instance" xsi:noNamespaceSchemaLocation="https://maven.apache.org/surefire/maven-surefire-plugin/xsd/surefire-test-report.xsd" version="3.0.1" name="TestSuite" time="181.544" tests="7" errors="0" skipped="0" failures="0">
  <properties>
[...]
</properties>
  <testcase name="TC_004_addSingleItemToCart" classname="com.bstackdemo.tests.AddToCartTest" time="0.625">
    <system-out><![CDATA[Test Case Pass
]]></system-out>
    <system-err><![CDATA[SLF4J(W): No SLF4J providers were found.
SLF4J(W): Defaulting to no-operation (NOP) logger implementation
SLF4J(W): See https://www.slf4j.org/codes.html#noProviders for further details.
Feb 25, 2026 11:28:00 PM org.openqa.selenium.devtools.CdpVersionFinder findNearestMatch
WARNING: Unable to find an exact match for CDP version 145, returning the closest version; found: 143; Please update to a Selenium version that supports CDP version 145
]]></system-err>
  </testcase>
  <testcase name="TC_005_addMultipleItemToCart" classname="com.bstackdemo.tests.AddToCartTest" time="2.278">
    <system-out><![CDATA[Test Case Pass
]]></system-out>
    <system-err><![CDATA[Feb 25, 2026 11:28:43 PM org.openqa.selenium.devtools.CdpVersionFinder findNearestMatch
WARNING: Unable to find an exact match for CDP version 145, returning the closest version; found: 143; Please update to a Selenium version that supports CDP version 145
]]></system-err>
  </testcase>
  <testcase name="TC_006_removeItemFromCart" classname="com.bstackdemo.tests.AddToCartTest" time="2.958">
    <system-out><![CDATA[Test case pass
]]></system-out>
    <system-err><![CDATA[Feb 25, 2026 11:29:09 PM org.openqa.selenium.devtools.CdpVersionFinder findNearestMatch
WARNING: Unable to find an exact match for CDP version 145, returning the closest version; found: 143; Please update to a Selenium version that supports CDP version 145
]]></system-err>
  </testcase>
  <testcase name="f" classname="com.bstackdemo.tests.CheckoutTest" time="0.0"/>
  <testcase name="TC_001_loginWithValidData" classname="com.bstackdemo.tests.LoginTest" time="3.859">
    <system-out><![CDATA[Test Case Pass
]]></system-out>
    <system-err><![CDATA[Feb 25, 2026 11:29:30 PM org.openqa.selenium.devtools.CdpVersionFinder findNearestMatch
WARNING: Unable to find an exact match for CDP version 145, returning the closest version; found: 143; Please update to a Selenium version that supports CDP version 145
]]></system-err>
  </testcase>
  <testcase name="TC_002_loginWithInValidData" classname="com.bstackdemo.tests.LoginTest" time="2.276">
    <system-out><![CDATA[Test Case Pass
]]></system-out>
    <system-err><![CDATA[Feb 25, 2026 11:30:12 PM org.openqa.selenium.devtools.CdpVersionFinder findNearestMatch
WARNING: Unable to find an exact match for CDP version 145, returning the closest version; found: 143; Please update to a Selenium version that supports CDP version 145
]]></system-err>
  </testcase>
  <testcase name="TC_003_loginWithEmptyData" classname="com.bstackdemo.tests.LoginTest" time="3.758">
    <system-out><![CDATA[Test Case Pass
]]></system-out>
    <system-err><![CDATA[Feb 25, 2026 11:30:31 PM org.openqa.selenium.devtools.CdpVersionFinder findNearestMatch
WARNING: Unable to find an exact match for CDP version 145, returning the closest version; found: 143; Please update to a Selenium version that supports CDP version 145
]]></system-err>
  </testcase>
</testsuite>