<?xml version="1.0" encoding="UTF-8"?>
<testsuite xmlns:xsi="http://www.w3.org/2001/XMLSchema-instance" xsi:noNamespaceSchemaLocation="https://maven.apache.org/surefire/maven-surefire-plugin/xsd/surefire-test-report.xsd" version="3.0.2" name="TestSuite" time="115.174" tests="8" errors="0" skipped="0" failures="0">
  <properties>
[...]
</properties>
  <testcase name="TC_001_loginWithValidData" classname="com.bstackdemo.tests.LoginTest" time="1.434">
    <system-out><![CDATA[[23:02:06] [main] INFO  com.bstackdemo.tests.BaseTest - Browser is launching
[23:02:13] [main] INFO  com.bstackdemo.tests.BaseTest - TC_001 is passed as user logged in with valid credentials
]]></system-out>
    <system-err><![CDATA[SLF4J(W): No SLF4J providers were found.
SLF4J(W): Defaulting to no-operation (NOP) logger implementation
SLF4J(W): See https://www.slf4j.org/codes.html#noProviders for further details.
Mar 01, 2026 11:02:06 PM org.openqa.selenium.devtools.CdpVersionFinder findNearestMatch
WARNING: Unable to find an exact match for CDP version 145, returning the closest version; found: 143; Please update to a Selenium version that supports CDP version 145
]]></system-err>
  </testcase>
  <testcase name="TC_002_loginWithInValidData" classname="com.bstackdemo.tests.LoginTest" time="1.5">
    <system-out><![CDATA[[23:02:13] [main] INFO  com.bstackdemo.tests.BaseTest - Driver is closing as Test case is completed
[23:02:14] [main] INFO  com.bstackdemo.tests.BaseTest - Browser is launching
[23:02:22] [main] INFO  com.bstackdemo.tests.BaseTest - TC_002 is passed as user login failed
]]></system-out>
    <system-err><![CDATA[Mar 01, 2026 11:02:14 PM org.openqa.selenium.devtools.CdpVersionFinder findNearestMatch
WARNING: Unable to find an exact match for CDP version 145, returning the closest version; found: 143; Please update to a Selenium version that supports CDP version 145
]]></system-err>
  </testcase>
  <testcase name="TC_003_loginWithEmptyData" classname="com.bstackdemo.tests.LoginTest" time="1.328">
    <system-out><![CDATA[[23:02:23] [main] INFO  com.bstackdemo.tests.BaseTest - Driver is closing as Test case is completed
[23:02:24] [main] INFO  com.bstackdemo.tests.BaseTest - Browser is launching
[23:02:34] [main] INFO  com.bstackdemo.tests.BaseTest - TC_003 is passed as user is not able to login with empty data
]]></system-out>
    <system-err><![CDATA[Mar 01, 2026 11:02:24 PM org.openqa.selenium.devtools.CdpVersionFinder findNearestMatch
WARNING: Unable to find an exact match for CDP version 145, returning the closest version; found: 143; Please update to a Selenium version that supports CDP version 145
]]></system-err>
  </testcase>
  <testcase name="TC_004_addSingleItemToCart" classname="com.bstackdemo.tests.AddToCartTest" time="0.413">
    <system-out><![CDATA[[23:02:35] [main] INFO  com.bstackdemo.tests.BaseTest - Driver is closing as Test case is completed
[23:02:37] [main] INFO  com.bstackdemo.tests.BaseTest - Browser is launching
[23:02:46] [main] INFO  com.bstackdemo.tests.BaseTest - TC_004 is passed as Item added in the cart
]]></system-out>
    <system-err><![CDATA[Mar 01, 2026 11:02:37 PM org.openqa.selenium.devtools.CdpVersionFinder findNearestMatch
WARNING: Unable to find an exact match for CDP version 145, returning the closest version; found: 143; Please update to a Selenium version that supports CDP version 145
]]></system-err>
  </testcase>
  <testcase name="TC_005_addMultipleItemToCart" classname="com.bstackdemo.tests.AddToCartTest" time="1.435">
    <system-out><![CDATA[[23:02:46] [main] INFO  com.bstackdemo.tests.BaseTest - Driver is closing as Test case is completed
[23:02:47] [main] INFO  com.bstackdemo.tests.BaseTest - Browser is launching
[23:02:54] [main] INFO  com.bstackdemo.tests.BaseTest - TC_005 is passed as multiple items are added into the cart
]]></system-out>
    <system-err><![CDATA[Mar 01, 2026 11:02:47 PM org.openqa.selenium.devtools.CdpVersionFinder findNearestMatch
WARNING: Unable to find an exact match for CDP version 145, returning the closest version; found: 143; Please update to a Selenium version that supports CDP version 145
]]></system-err>
  </testcase>
  <testcase name="TC_006_removeItemFromCart" classname="com.bstackdemo.tests.AddToCartTest" time="2.134">
    <system-out><![CDATA[[23:02:55] [main] INFO  com.bstackdemo.tests.BaseTest - Driver is closing as Test case is completed
[23:02:56] [main] INFO  com.bstackdemo.tests.BaseTest - Browser is launching
[23:03:03] [main] INFO  com.bstackdemo.tests.BaseTest - TC_006 is passed as items are removed from the cart
]]></system-out>
    <system-err><![CDATA[Mar 01, 2026 11:02:56 PM org.openqa.selenium.devtools.CdpVersionFinder findNearestMatch
WARNING: Unable to find an exact match for CDP version 145, returning the closest version; found: 143; Please update to a Selenium version that supports CDP version 145
]]></system-err>
  </testcase>
  <testcase name="TC_007_placeOrderWithValidDetails" classname="com.bstackdemo.tests.CheckoutTest" time="6.007">
    <system-out><![CDATA[[23:03:03] [main] INFO  com.bstackdemo.tests.BaseTest - Driver is closing as Test case is completed
[23:03:04] [main] INFO  com.bstackdemo.tests.BaseTest - Browser is launching
[23:03:16] [main] INFO  com.bstackdemo.tests.BaseTest - TC_007 is passed as order places successfully
]]></system-out>
    <system-err><![CDATA[Mar 01, 2026 11:03:04 PM org.openqa.selenium.devtools.CdpVersionFinder findNearestMatch
WARNING: Unable to find an exact match for CDP version 145, returning the closest version; found: 143; Please update to a Selenium version that supports CDP version 145
]]></system-err>
  </testcase>
  <testcase name="TC_008_CheckOutWithoutAddingItem" classname="com.bstackdemo.tests.CheckoutTest" time="30.425">
    <system-out><![CDATA[[23:03:16] [main] INFO  com.bstackdemo.tests.BaseTest - Driver is closing as Test case is completed
[23:03:17] [main] INFO  com.bstackdemo.tests.BaseTest - Browser is launching
false
true
[23:03:58] [main] INFO  com.bstackdemo.tests.BaseTest - TC_008 Passed: User cannot checkout with empty cart
]]></system-out>
    <system-err><![CDATA[Mar 01, 2026 11:03:17 PM org.openqa.selenium.devtools.CdpVersionFinder findNearestMatch
WARNING: Unable to find an exact match for CDP version 145, returning the closest version; found: 143; Please update to a Selenium version that supports CDP version 145
]]></system-err>
  </testcase>
</testsuite>