<?xml version="1.0" encoding="UTF-8"?>
<testng-results ignored="0" total="8" passed="8" failed="0" skipped="0">
  <reporter-output>
  </reporter-output>
  <suite started-at="2026-03-01T23:02:05 IST" name="Suite" finished-at="2026-03-01T23:03:59 IST" duration-ms="114127">
    <groups>
    </groups>
    <test started-at="2026-03-01T23:02:05 IST" name="Test" finished-at="2026-03-01T23:03:59 IST" duration-ms="114127">
      <class name="com.bstackdemo.tests.LoginTest">
        <test-method is-config="true" signature="initDriver()[pri:0, instance:com.bstackdemo.tests.LoginTest@6b54655f]" started-at="2026-03-01T23:02:05 IST" name="initDriver" finished-at="2026-03-01T23:02:11 IST" duration-ms="6817" status="PASS">
          <reporter-output>
          </reporter-output>
        </test-method> <!-- initDriver -->
        <test-method signature="TC_001_loginWithValidData()[pri:1, instance:com.bstackdemo.tests.LoginTest@6b54655f]" started-at="2026-03-01T23:02:11 IST" name="TC_001_loginWithValidData" finished-at="2026-03-01T23:02:13 IST" duration-ms="1459" status="PASS">
          <reporter-output>
          </reporter-output>
        </test-method> <!-- TC_001_loginWithValidData -->
        <test-method is-config="true" signature="closeBrowser()[pri:0, instance:com.bstackdemo.tests.LoginTest@6b54655f]" started-at="2026-03-01T23:02:13 IST" name="closeBrowser" finished-at="2026-03-01T23:02:13 IST" duration-ms="175" status="PASS">
          <reporter-output>
          </reporter-output>
        </test-method> <!-- closeBrowser -->
        <test-method is-config="true" signature="initDriver()[pri:0, instance:com.bstackdemo.tests.LoginTest@6b54655f]" started-at="2026-03-01T23:02:13 IST" name="initDriver" finished-at="2026-03-01T23:02:21 IST" duration-ms="7655" status="PASS">
          <reporter-output>
          </reporter-output>
        </test-method> <!-- initDriver -->
        <test-method signature="TC_002_loginWithInValidData()[pri:2, instance:com.bstackdemo.tests.LoginTest@6b54655f]" started-at="2026-03-01T23:02:21 IST" name="TC_002_loginWithInValidData" finished-at="2026-03-01T23:02:22 IST" duration-ms="1501" status="PASS">
          <reporter-output>
          </reporter-output>
        </test-method> <!-- TC_002_loginWithInValidData -->
        <test-method is-config="true" signature="closeBrowser()[pri:0, instance:com.bstackdemo.tests.LoginTest@6b54655f]" started-at="2026-03-01T23:02:22 IST" name="closeBrowser" finished-at="2026-03-01T23:02:23 IST" duration-ms="157" status="PASS">
          <reporter-output>
          </reporter-output>
        </test-method> <!-- closeBrowser -->
        <test-method is-config="true" signature="initDriver()[pri:0, instance:com.bstackdemo.tests.LoginTest@6b54655f]" started-at="2026-03-01T23:02:23 IST" name="initDriver" finished-at="2026-03-01T23:02:33 IST" duration-ms="10284" status="PASS">
          <reporter-output>
          </reporter-output>
        </test-method> <!-- initDriver -->
        <test-method signature="TC_003_loginWithEmptyData()[pri:3, instance:com.bstackdemo.tests.LoginTest@6b54655f]" started-at="2026-03-01T23:02:33 IST" name="TC_003_loginWithEmptyData" finished-at="2026-03-01T23:02:34 IST" duration-ms="1330" status="PASS">
          <reporter-output>
          </reporter-output>
        </test-method> <!-- TC_003_loginWithEmptyData -->
        <test-method is-config="true" signature="closeBrowser()[pri:0, instance:com.bstackdemo.tests.LoginTest@6b54655f]" started-at="2026-03-01T23:02:34 IST" name="closeBrowser" finished-at="2026-03-01T23:02:35 IST" duration-ms="379" status="PASS">
          <reporter-output>
          </reporter-output>
        </test-method> <!-- closeBrowser -->
      </class> <!-- com.bstackdemo.tests.LoginTest -->
      <class name="com.bstackdemo.tests.CheckoutTest">
        <test-method is-config="true" signature="initDriver()[pri:0, instance:com.bstackdemo.tests.CheckoutTest@5860f3d7]" started-at="2026-03-01T23:03:03 IST" name="initDriver" finished-at="2026-03-01T23:03:10 IST" duration-ms="6667" status="PASS">
          <reporter-output>
          </reporter-output>
        </test-method> <!-- initDriver -->
        <test-method signature="TC_007_placeOrderWithValidDetails()[pri:7, instance:com.bstackdemo.tests.CheckoutTest@5860f3d7]" started-at="2026-03-01T23:03:10 IST" name="TC_007_placeOrderWithValidDetails" finished-at="2026-03-01T23:03:16 IST" duration-ms="6009" status="PASS">
          <reporter-output>
          </reporter-output>
        </test-method> <!-- TC_007_placeOrderWithValidDetails -->
        <test-method is-config="true" signature="closeBrowser()[pri:0, instance:com.bstackdemo.tests.CheckoutTest@5860f3d7]" started-at="2026-03-01T23:03:16 IST" name="closeBrowser" finished-at="2026-03-01T23:03:16 IST" duration-ms="181" status="PASS">
          <reporter-output>
          </reporter-output>
        </test-method> <!-- closeBrowser -->
        <test-method is-config="true" signature="initDriver()[pri:0, instance:com.bstackdemo.tests.CheckoutTest@5860f3d7]" started-at="2026-03-01T23:03:16 IST" name="initDriver" finished-at="2026-03-01T23:03:28 IST" duration-ms="11609" status="PASS">
          <reporter-output>
          </reporter-output>
        </test-method> <!-- initDriver -->
        <test-method signature="TC_008_CheckOutWithoutAddingItem()[pri:8, instance:com.bstackdemo.tests.CheckoutTest@5860f3d7]" started-at="2026-03-01T23:03:28 IST" name="TC_008_CheckOutWithoutAddingItem" finished-at="2026-03-01T23:03:58 IST" duration-ms="30417" status="PASS">
          <reporter-output>
          </reporter-output>
        </test-method> <!-- TC_008_CheckOutWithoutAddingItem -->
        <test-method is-config="true" signature="closeBrowser()[pri:0, instance:com.bstackdemo.tests.CheckoutTest@5860f3d7]" started-at="2026-03-01T23:03:58 IST" name="closeBrowser" finished-at="2026-03-01T23:03:59 IST" duration-ms="183" status="PASS">
          <reporter-output>
          </reporter-output>
        </test-method> <!-- closeBrowser -->
      </class> <!-- com.bstackdemo.tests.CheckoutTest -->
      <class name="com.bstackdemo.tests.AddToCartTest">
        <test-method is-config="true" signature="initDriver()[pri:0, instance:com.bstackdemo.tests.AddToCartTest@6a66a204]" started-at="2026-03-01T23:02:35 IST" name="initDriver" finished-at="2026-03-01T23:02:46 IST" duration-ms="10896" status="PASS">
          <reporter-output>
          </reporter-output>
        </test-method> <!-- initDriver -->
        <test-method signature="TC_004_addSingleItemToCart()[pri:4, instance:com.bstackdemo.tests.AddToCartTest@6a66a204]" started-at="2026-03-01T23:02:46 IST" name="TC_004_addSingleItemToCart" finished-at="2026-03-01T23:02:46 IST" duration-ms="415" status="PASS">
          <reporter-output>
          </reporter-output>
        </test-method> <!-- TC_004_addSingleItemToCart -->
        <test-method is-config="true" signature="closeBrowser()[pri:0, instance:com.bstackdemo.tests.AddToCartTest@6a66a204]" started-at="2026-03-01T23:02:46 IST" name="closeBrowser" finished-at="2026-03-01T23:02:46 IST" duration-ms="174" status="PASS">
          <reporter-output>
          </reporter-output>
        </test-method> <!-- closeBrowser -->
        <test-method is-config="true" signature="initDriver()[pri:0, instance:com.bstackdemo.tests.AddToCartTest@6a66a204]" started-at="2026-03-01T23:02:46 IST" name="initDriver" finished-at="2026-03-01T23:02:53 IST" duration-ms="6570" status="PASS">
          <reporter-output>
          </reporter-output>
        </test-method> <!-- initDriver -->
        <test-method signature="TC_005_addMultipleItemToCart()[pri:5, instance:com.bstackdemo.tests.AddToCartTest@6a66a204]" started-at="2026-03-01T23:02:53 IST" name="TC_005_addMultipleItemToCart" finished-at="2026-03-01T23:02:54 IST" duration-ms="1435" status="PASS">
          <reporter-output>
          </reporter-output>
        </test-method> <!-- TC_005_addMultipleItemToCart -->
        <test-method is-config="true" signature="closeBrowser()[pri:0, instance:com.bstackdemo.tests.AddToCartTest@6a66a204]" started-at="2026-03-01T23:02:54 IST" name="closeBrowser" finished-at="2026-03-01T23:02:55 IST" duration-ms="185" status="PASS">
          <reporter-output>
          </reporter-output>
        </test-method> <!-- closeBrowser -->
        <test-method is-config="true" signature="initDriver()[pri:0, instance:com.bstackdemo.tests.AddToCartTest@6a66a204]" started-at="2026-03-01T23:02:55 IST" name="initDriver" finished-at="2026-03-01T23:03:01 IST" duration-ms="6301" status="PASS">
          <reporter-output>
          </reporter-output>
        </test-method> <!-- initDriver -->
        <test-method signature="TC_006_removeItemFromCart()[pri:6, instance:com.bstackdemo.tests.AddToCartTest@6a66a204]" started-at="2026-03-01T23:03:01 IST" name="TC_006_removeItemFromCart" finished-at="2026-03-01T23:03:03 IST" duration-ms="2135" status="PASS">
          <reporter-output>
          </reporter-output>
        </test-method> <!-- TC_006_removeItemFromCart -->
        <test-method is-config="true" signature="closeBrowser()[pri:0, instance:com.bstackdemo.tests.AddToCartTest@6a66a204]" started-at="2026-03-01T23:03:03 IST" name="closeBrowser" finished-at="2026-03-01T23:03:03 IST" duration-ms="149" status="PASS">
          <reporter-output>
          </reporter-output>
        </test-method> <!-- closeBrowser -->
      </class> <!-- com.bstackdemo.tests.AddToCartTest -->
    </test> <!-- Test -->
  </suite> <!-- Suite -->
</testng-results>
