<?xml version="1.0" encoding="UTF-8"?>
<testng-results ignored="1" total="2" passed="1" failed="0" skipped="0">
  <reporter-output>
  </reporter-output>
  <suite started-at="2026-03-01T22:17:32 IST" name="Default suite" finished-at="2026-03-01T22:18:08 IST" duration-ms="36615">
    <groups>
    </groups>
    <test started-at="2026-03-01T22:17:32 IST" name="Default test" finished-at="2026-03-01T22:18:08 IST" duration-ms="36615">
      <class name="com.bstackdemo.tests.CheckoutTest">
        <test-method is-config="true" signature="initDriver()[pri:0, instance:com.bstackdemo.tests.CheckoutTest@5b202a3a]" started-at="2026-03-01T22:17:32 IST" name="initDriver" finished-at="2026-03-01T22:17:37 IST" duration-ms="5812" status="PASS">
          <reporter-output>
          </reporter-output>
        </test-method> <!-- initDriver -->
        <test-method signature="TC_008_CheckOutWithoutAddingItem()[pri:8, instance:com.bstackdemo.tests.CheckoutTest@5b202a3a]" started-at="2026-03-01T22:17:37 IST" name="TC_008_CheckOutWithoutAddingItem" finished-at="2026-03-01T22:18:08 IST" duration-ms="30398" status="PASS">
          <reporter-output>
          </reporter-output>
        </test-method> <!-- TC_008_CheckOutWithoutAddingItem -->
        <test-method is-config="true" signature="closeBrowser()[pri:0, instance:com.bstackdemo.tests.CheckoutTest@5b202a3a]" started-at="2026-03-01T22:18:08 IST" name="closeBrowser" finished-at="2026-03-01T22:18:08 IST" duration-ms="194" status="PASS">
          <reporter-output>
          </reporter-output>
        </test-method> <!-- closeBrowser -->
      </class> <!-- com.bstackdemo.tests.CheckoutTest -->
    </test> <!-- Default test -->
  </suite> <!-- Default suite -->
</testng-results>
