<?xml version="1.0" encoding="UTF-8"?>
<testng-results ignored="0" total="1" passed="1" failed="0" skipped="0">
  <reporter-output>
  </reporter-output>
  <suite started-at="2026-02-26T23:40:52 IST" name="Default suite" finished-at="2026-02-26T23:41:05 IST" duration-ms="13218">
    <groups>
    </groups>
    <test started-at="2026-02-26T23:40:52 IST" name="Default test" finished-at="2026-02-26T23:41:05 IST" duration-ms="13218">
      <class name="com.bstackdemo.tests.CheckoutTest">
        <test-method is-config="true" signature="initDriver()[pri:0, instance:com.bstackdemo.tests.CheckoutTest@4135c3b]" started-at="2026-02-26T23:40:52 IST" name="initDriver" finished-at="2026-02-26T23:41:00 IST" duration-ms="7898" status="PASS">
          <reporter-output>
          </reporter-output>
        </test-method> <!-- initDriver -->
        <test-method signature="TC_007_placeOrderWithValidDetails()[pri:0, instance:com.bstackdemo.tests.CheckoutTest@4135c3b]" started-at="2026-02-26T23:41:00 IST" name="TC_007_placeOrderWithValidDetails" finished-at="2026-02-26T23:41:05 IST" duration-ms="5092" status="PASS">
          <reporter-output>
          </reporter-output>
        </test-method> <!-- TC_007_placeOrderWithValidDetails -->
        <test-method is-config="true" signature="closeBrowser()[pri:0, instance:com.bstackdemo.tests.CheckoutTest@4135c3b]" started-at="2026-02-26T23:41:05 IST" name="closeBrowser" finished-at="2026-02-26T23:41:05 IST" duration-ms="179" status="PASS">
          <reporter-output>
          </reporter-output>
        </test-method> <!-- closeBrowser -->
      </class> <!-- com.bstackdemo.tests.CheckoutTest -->
    </test> <!-- Default test -->
  </suite> <!-- Default suite -->
</testng-results>
