<?xml version="1.0" encoding="UTF-8"?>
<!-- Generated by org.testng.reporters.JUnitReportReporter -->
<testsuite hostname="DESKTOP-UUJQ8RB" failures="0" tests="3" name="com.bstackdemo.tests.AddToCartTest" time="22.453" errors="0" timestamp="2026-02-26T22:34:54 IST" skipped="0">
  <testcase classname="com.bstackdemo.tests.AddToCartTest" name="TC_004_addSingleItemToCart" time="6.670"/>
  <testcase classname="com.bstackdemo.tests.AddToCartTest" name="TC_005_addMultipleItemToCart" time="7.861"/>
  <testcase classname="com.bstackdemo.tests.AddToCartTest" name="TC_006_removeItemFromCart" time="7.922"/>
</testsuite> <!-- com.bstackdemo.tests.AddToCartTest -->
