<?xml version="1.0" encoding="UTF-8"?>
<!-- Generated by org.testng.reporters.JUnitReportReporter -->
<testsuite hostname="DESKTOP-UUJQ8RB" failures="0" tests="3" name="com.bstackdemo.tests.LoginTest" time="75.376" errors="0" timestamp="2026-02-26T22:34:54 IST" skipped="0">
  <testcase classname="com.bstackdemo.tests.LoginTest" name="TC_001_loginWithValidData" time="42.153"/>
  <testcase classname="com.bstackdemo.tests.LoginTest" name="TC_002_loginWithInValidData" time="10.069"/>
  <testcase classname="com.bstackdemo.tests.LoginTest" name="TC_003_loginWithEmptyData" time="23.154"/>
</testsuite> <!-- com.bstackdemo.tests.LoginTest -->
