<?xml version="1.0" encoding="UTF-8"?>
<!-- Generated by org.testng.reporters.JUnitReportReporter -->
<testsuite hostname="DESKTOP-UUJQ8RB" failures="0" tests="3" name="com.bstackdemo.tests.LoginTest" time="19.002" errors="0" timestamp="2026-03-01T11:45:53 IST" skipped="0">
  <testcase classname="com.bstackdemo.tests.LoginTest" name="TC_001_loginWithValidData" time="7.601"/>
  <testcase classname="com.bstackdemo.tests.LoginTest" name="TC_002_loginWithInValidData" time="5.975"/>
  <testcase classname="com.bstackdemo.tests.LoginTest" name="TC_003_loginWithEmptyData" time="5.426"/>
</testsuite> <!-- com.bstackdemo.tests.LoginTest -->
