<?xml version="1.0" encoding="UTF-8"?>
<!-- Generated by org.testng.reporters.JUnitReportReporter -->
<testsuite hostname="DESKTOP-UUJQ8RB" failures="0" tests="3" name="com.bstackdemo.tests.AddToCartTest" time="18.942" errors="0" timestamp="2026-03-01T11:45:53 IST" skipped="0">
  <testcase classname="com.bstackdemo.tests.AddToCartTest" name="TC_004_addSingleItemToCart" time="4.804"/>
  <testcase classname="com.bstackdemo.tests.AddToCartTest" name="TC_005_addMultipleItemToCart" time="6.338"/>
  <testcase classname="com.bstackdemo.tests.AddToCartTest" name="TC_006_removeItemFromCart" time="7.800"/>
</testsuite> <!-- com.bstackdemo.tests.AddToCartTest -->
