<?xml version="1.0" encoding="UTF-8"?>
<!-- Generated by org.testng.reporters.JUnitReportReporter -->
<testsuite hostname="DESKTOP-UUJQ8RB" failures="0" tests="2" name="com.bstackdemo.tests.CheckoutTest" time="55.066" errors="0" timestamp="2026-03-01T23:03:59 IST" skipped="0">
  <testcase classname="com.bstackdemo.tests.CheckoutTest" name="TC_007_placeOrderWithValidDetails" time="17.799"/>
  <testcase classname="com.bstackdemo.tests.CheckoutTest" name="TC_008_CheckOutWithoutAddingItem" time="37.267"/>
</testsuite> <!-- com.bstackdemo.tests.CheckoutTest -->
