<?xml version="1.0" encoding="UTF-8"?>
<!-- Generated by org.testng.reporters.JUnitReportReporter -->
<testsuite hostname="DESKTOP-UUJQ8RB" failures="0" tests="3" name="com.bstackdemo.tests.LoginTest" time="29.757" errors="0" timestamp="2026-03-01T23:03:59 IST" skipped="0">
  <testcase classname="com.bstackdemo.tests.LoginTest" name="TC_001_loginWithValidData" time="12.122"/>
  <testcase classname="com.bstackdemo.tests.LoginTest" name="TC_002_loginWithInValidData" time="9.331"/>
  <testcase classname="com.bstackdemo.tests.LoginTest" name="TC_003_loginWithEmptyData" time="8.304"/>
</testsuite> <!-- com.bstackdemo.tests.LoginTest -->
