<?xml version="1.0" encoding="UTF-8"?>
<!-- Generated by org.testng.reporters.JUnitReportReporter -->
<testsuite hostname="DESKTOP-UUJQ8RB" failures="0" tests="3" name="com.bstackdemo.tests.AddToCartTest" time="90.646" errors="0" timestamp="2026-02-25T23:31:00 IST" skipped="0">
  <testcase classname="com.bstackdemo.tests.AddToCartTest" name="TC_004_addSingleItemToCart" time="23.998"/>
  <testcase classname="com.bstackdemo.tests.AddToCartTest" name="TC_005_addMultipleItemToCart" time="45.141"/>
  <testcase classname="com.bstackdemo.tests.AddToCartTest" name="TC_006_removeItemFromCart" time="21.507"/>
</testsuite> <!-- com.bstackdemo.tests.AddToCartTest -->
